<?xml version="1.0" encoding="utf-8"?><testsuites name="pytest tests"><testsuite name="pytest" errors="0" failures="0" skipped="13" tests="84" time="32.637" timestamp="2026-09-09T10:24:38.935968+01:00" hostname="PC012169"><testcase classname="tests_prototipo.test_app" name="test_startup_and_institutional_identity" time="4.032" /><testcase classname="tests_prototipo.test_app" name="test_navigation_full_partial_report_and_new_analysis" time="1.844" /><testcase classname="tests_prototipo.test_app" name="test_document_substitution_by_text_has_fresh_widgets" time="1.003" /><testcase classname="tests_prototipo.test_app" name="test_pdf_upload_replacement_raw_pages_and_title" time="1.021" /><testcase classname="tests_prototipo.test_app" name="test_actual_api_failure_path_does_not_claim_conclusion" time="1.337" /><testcase classname="tests_prototipo.test_app" name="test_human_decision_form_requires_explicit_action" time="1.594" /><testcase classname="tests_prototipo.test_app" name="test_request_and_unavailable_response_form" time="4.707" /><testcase classname="tests_prototipo.test_reference_cases" name="test_case_input_provenance_and_status[CT-01A]" time="0.069" /><testcase classname="tests_prototipo.test_reference_cases" name="test_case_input_provenance_and_status[CT-01B]" time="0.058" /><testcase classname="tests_prototipo.test_reference_cases" name="test_case_input_provenance_and_status[CT-01C]" time="0.061" /><testcase classname="tests_prototipo.test_reference_cases" name="test_case_input_provenance_and_status[CT-03]" time="0.096" /><testcase classname="tests_prototipo.test_reference_cases" name="test_case_input_provenance_and_status[CT-04A]" time="0.072" /><testcase classname="tests_prototipo.test_reference_cases" name="test_case_input_provenance_and_status[CT-08A]" time="0.083" /><testcase classname="tests_prototipo.test_reference_cases" name="test_case_input_provenance_and_status[CT-12A]" time="0.104" /><testcase classname="tests_prototipo.test_reference_cases" name="test_case_input_provenance_and_status[CT-13]" time="0.072" /><testcase classname="tests_prototipo.test_reference_cases" name="test_case_input_provenance_and_status[CT-02]" time="0.880" /><testcase classname="tests_prototipo.test_reference_cases" name="test_case_input_provenance_and_status[CT-04B]" time="0.434" /><testcase classname="tests_prototipo.test_reference_cases" name="test_case_input_provenance_and_status[CT-10A]" time="0.486" /><testcase classname="tests_prototipo.test_reference_cases" name="test_case_input_provenance_and_status[CT-10C]" time="0.183" /><testcase classname="tests_prototipo.test_reference_cases" name="test_case_input_provenance_and_status[CT-12B]" time="0.500" /><testcase classname="tests_prototipo.test_reference_cases" name="test_live_methodological_propositions[CT-01A]" time="0.089"><skipped type="pytest.skip" message="Não executado: requer PROTOTIPO_LIVE_TESTS=1 e API configurada; não substituído por simulação.">C:\Users\tcleo\OneDrive - ISCTE-IUL\Documentos\SURV4IMPACT AI\surv4impact survey ai review tool\tests_prototipo\test_reference_cases.py:44: Não executado: requer PROTOTIPO_LIVE_TESTS=1 e API configurada; não substituído por simulação.</skipped></testcase><testcase classname="tests_prototipo.test_reference_cases" name="test_live_methodological_propositions[CT-01B]" time="0.035"><skipped type="pytest.skip" message="Não executado: requer PROTOTIPO_LIVE_TESTS=1 e API configurada; não substituído por simulação.">C:\Users\tcleo\OneDrive - ISCTE-IUL\Documentos\SURV4IMPACT AI\surv4impact survey ai review tool\tests_prototipo\test_reference_cases.py:44: Não executado: requer PROTOTIPO_LIVE_TESTS=1 e API configurada; não substituído por simulação.</skipped></testcase><testcase classname="tests_prototipo.test_reference_cases" name="test_live_methodological_propositions[CT-01C]" time="0.012"><skipped type="pytest.skip" message="Não executado: requer PROTOTIPO_LIVE_TESTS=1 e API configurada; não substituído por simulação.">C:\Users\tcleo\OneDrive - ISCTE-IUL\Documentos\SURV4IMPACT AI\surv4impact survey ai review tool\tests_prototipo\test_reference_cases.py:44: Não executado: requer PROTOTIPO_LIVE_TESTS=1 e API configurada; não substituído por simulação.</skipped></testcase><testcase classname="tests_prototipo.test_reference_cases" name="test_live_methodological_propositions[CT-03]" time="0.019"><skipped type="pytest.skip" message="Não executado: requer PROTOTIPO_LIVE_TESTS=1 e API configurada; não substituído por simulação.">C:\Users\tcleo\OneDrive - ISCTE-IUL\Documentos\SURV4IMPACT AI\surv4impact survey ai review tool\tests_prototipo\test_reference_cases.py:44: Não executado: requer PROTOTIPO_LIVE_TESTS=1 e API configurada; não substituído por simulação.</skipped></testcase><testcase classname="tests_prototipo.test_reference_cases" name="test_live_methodological_propositions[CT-04A]" time="0.054"><skipped type="pytest.skip" message="Não executado: requer PROTOTIPO_LIVE_TESTS=1 e API configurada; não substituído por simulação.">C:\Users\tcleo\OneDrive - ISCTE-IUL\Documentos\SURV4IMPACT AI\surv4impact survey ai review tool\tests_prototipo\test_reference_cases.py:44: Não executado: requer PROTOTIPO_LIVE_TESTS=1 e API configurada; não substituído por simulação.</skipped></testcase><testcase classname="tests_prototipo.test_reference_cases" name="test_live_methodological_propositions[CT-08A]" time="0.074"><skipped type="pytest.skip" message="Não executado: requer PROTOTIPO_LIVE_TESTS=1 e API configurada; não substituído por simulação.">C:\Users\tcleo\OneDrive - ISCTE-IUL\Documentos\SURV4IMPACT AI\surv4impact survey ai review tool\tests_prototipo\test_reference_cases.py:44: Não executado: requer PROTOTIPO_LIVE_TESTS=1 e API configurada; não substituído por simulação.</skipped></testcase><testcase classname="tests_prototipo.test_reference_cases" name="test_live_methodological_propositions[CT-12A]" time="0.103"><skipped type="pytest.skip" message="Não executado: requer PROTOTIPO_LIVE_TESTS=1 e API configurada; não substituído por simulação.">C:\Users\tcleo\OneDrive - ISCTE-IUL\Documentos\SURV4IMPACT AI\surv4impact survey ai review tool\tests_prototipo\test_reference_cases.py:44: Não executado: requer PROTOTIPO_LIVE_TESTS=1 e API configurada; não substituído por simulação.</skipped></testcase><testcase classname="tests_prototipo.test_reference_cases" name="test_live_methodological_propositions[CT-13]" time="0.078"><skipped type="pytest.skip" message="Não executado: requer PROTOTIPO_LIVE_TESTS=1 e API configurada; não substituído por simulação.">C:\Users\tcleo\OneDrive - ISCTE-IUL\Documentos\SURV4IMPACT AI\surv4impact survey ai review tool\tests_prototipo\test_reference_cases.py:44: Não executado: requer PROTOTIPO_LIVE_TESTS=1 e API configurada; não substituído por simulação.</skipped></testcase><testcase classname="tests_prototipo.test_reference_cases" name="test_live_methodological_propositions[CT-02]" time="0.036"><skipped type="pytest.skip" message="Não executado: requer PROTOTIPO_LIVE_TESTS=1 e API configurada; não substituído por simulação.">C:\Users\tcleo\OneDrive - ISCTE-IUL\Documentos\SURV4IMPACT AI\surv4impact survey ai review tool\tests_prototipo\test_reference_cases.py:44: Não executado: requer PROTOTIPO_LIVE_TESTS=1 e API configurada; não substituído por simulação.</skipped></testcase><testcase classname="tests_prototipo.test_reference_cases" name="test_live_methodological_propositions[CT-04B]" time="0.029"><skipped type="pytest.skip" message="Não executado: requer PROTOTIPO_LIVE_TESTS=1 e API configurada; não substituído por simulação.">C:\Users\tcleo\OneDrive - ISCTE-IUL\Documentos\SURV4IMPACT AI\surv4impact survey ai review tool\tests_prototipo\test_reference_cases.py:44: Não executado: requer PROTOTIPO_LIVE_TESTS=1 e API configurada; não substituído por simulação.</skipped></testcase><testcase classname="tests_prototipo.test_reference_cases" name="test_live_methodological_propositions[CT-10A]" time="0.020"><skipped type="pytest.skip" message="Não executado: requer PROTOTIPO_LIVE_TESTS=1 e API configurada; não substituído por simulação.">C:\Users\tcleo\OneDrive - ISCTE-IUL\Documentos\SURV4IMPACT AI\surv4impact survey ai review tool\tests_prototipo\test_reference_cases.py:44: Não executado: requer PROTOTIPO_LIVE_TESTS=1 e API configurada; não substituído por simulação.</skipped></testcase><testcase classname="tests_prototipo.test_reference_cases" name="test_live_methodological_propositions[CT-10C]" time="0.004"><skipped type="pytest.skip" message="Não executado: requer PROTOTIPO_LIVE_TESTS=1 e API configurada; não substituído por simulação.">C:\Users\tcleo\OneDrive - ISCTE-IUL\Documentos\SURV4IMPACT AI\surv4impact survey ai review tool\tests_prototipo\test_reference_cases.py:44: Não executado: requer PROTOTIPO_LIVE_TESTS=1 e API configurada; não substituído por simulação.</skipped></testcase><testcase classname="tests_prototipo.test_reference_cases" name="test_live_methodological_propositions[CT-12B]" time="0.020"><skipped type="pytest.skip" message="Não executado: requer PROTOTIPO_LIVE_TESTS=1 e API configurada; não substituído por simulação.">C:\Users\tcleo\OneDrive - ISCTE-IUL\Documentos\SURV4IMPACT AI\surv4impact survey ai review tool\tests_prototipo\test_reference_cases.py:44: Não executado: requer PROTOTIPO_LIVE_TESTS=1 e API configurada; não substituído por simulação.</skipped></testcase><testcase classname="tests_prototipo.test_workflow" name="test_norma_scope" time="0.002" /><testcase classname="tests_prototipo.test_workflow" name="test_no_legacy_engine_imports" time="0.451" /><testcase classname="tests_prototipo.test_workflow" name="test_transition_validated_before_write" time="0.013" /><testcase classname="tests_prototipo.test_workflow" name="test_gate_before_confirmation" time="0.036" /><testcase classname="tests_prototipo.test_workflow" name="test_replace_and_reset_no_residual" time="0.035" /><testcase classname="tests_prototipo.test_workflow" name="test_unknown_format_preserved_after_parse_and_confirmation" time="0.422" /><testcase classname="tests_prototipo.test_workflow" name="test_matrices_and_shared_instructions_are_preserved" time="0.007" /><testcase classname="tests_prototipo.test_workflow" name="test_raw_docx_table_locations" time="0.504" /><testcase classname="tests_prototipo.test_workflow" name="test_correction_invalidates_only_dependencies" time="0.015" /><testcase classname="tests_prototipo.test_workflow" name="test_context_visibility_and_invalidation" time="0.014" /><testcase classname="tests_prototipo.test_workflow" name="test_shared_instruction_change_invalidates_inheriting_items" time="0.098" /><testcase classname="tests_prototipo.test_workflow" name="test_added_element_invalidates_coverage" time="0.024" /><testcase classname="tests_prototipo.test_workflow" name="test_withdrawn_action_cannot_remain_current_after_correction" time="0.032" /><testcase classname="tests_prototipo.test_workflow" name="test_absence_of_alerts_cannot_propose_compliance" time="0.021" /><testcase classname="tests_prototipo.test_workflow" name="test_explicit_free_only_d26_exemption" time="0.051" /><testcase classname="tests_prototipo.test_workflow" name="test_no_automatic_repetition_of_closed_request" time="0.034" /><testcase classname="tests_prototipo.test_workflow" name="test_request_answer_and_explicit_closure[False-False]" time="0.021" /><testcase classname="tests_prototipo.test_workflow" name="test_request_answer_and_explicit_closure[True-False]" time="0.014" /><testcase classname="tests_prototipo.test_workflow" name="test_request_answer_and_explicit_closure[False-True]" time="0.025" /><testcase classname="tests_prototipo.test_workflow" name="test_silence_does_not_close" time="0.007" /><testcase classname="tests_prototipo.test_workflow" name="test_api_missing_and_failure_are_technical" time="0.015" /><testcase classname="tests_prototipo.test_workflow" name="test_reject_unverifiable_evidence" time="0.019" /><testcase classname="tests_prototipo.test_workflow" name="test_positive_observation_not_discarded" time="0.024" /><testcase classname="tests_prototipo.test_workflow" name="test_normal_prompt_excludes_test_documents" time="0.095" /><testcase classname="tests_prototipo.test_workflow" name="test_classification_requires_human" time="0.053" /><testcase classname="tests_prototipo.test_workflow" name="test_local_scope_cannot_classify" time="0.036" /><testcase classname="tests_prototipo.test_workflow" name="test_pending_essential_blocks_category" time="0.127" /><testcase classname="tests_prototipo.test_workflow" name="test_unknown_cannot_be_not_applicable" time="0.083" /><testcase classname="tests_prototipo.test_workflow" name="test_state_is_not_category" time="0.071" /><testcase classname="tests_prototipo.test_workflow" name="test_export_partial_complete_and_no_global" time="0.513" /><testcase classname="tests.test_parser" name="test_docx_parser_extracts_questions_options_and_matrix" time="0.105" /><testcase classname="tests.test_parser" name="test_parser_does_not_mistake_uppercase_checkbox_options_for_headings" time="0.095" /><testcase classname="tests.test_parser" name="test_pdf_parser_extracts_title_sections_questions_options_and_matrix" time="0.041" /><testcase classname="tests.test_parser" name="test_pdf_parser_warns_when_only_some_pages_have_no_text" time="0.015" /><testcase classname="tests.test_parser" name="test_pdf_parser_rejects_pdf_without_extractable_text" time="0.007" /><testcase classname="tests.test_parser" name="test_pdf_parser_rejects_corrupt_pdf" time="0.004" /><testcase classname="tests.test_parser" name="test_pdf_parser_accepts_a_valid_header_with_a_short_prefix" time="0.021" /><testcase classname="tests.test_parser" name="test_pdf_parser_keeps_repeated_options_near_page_tops" time="0.013" /><testcase classname="tests.test_parser" name="test_pdf_parser_merges_a_wrapped_numbered_prompt_after_a_period" time="0.009" /><testcase classname="tests.test_parser" name="test_option_only_table_shapes_attach_options_without_creating_a_matrix[single-row]" time="0.002" /><testcase classname="tests.test_parser" name="test_option_only_table_shapes_attach_options_without_creating_a_matrix[single-column]" time="0.001" /><testcase classname="tests.test_parser" name="test_option_only_table_shapes_attach_options_without_creating_a_matrix[blank-stub-column]" time="0.004" /><testcase classname="tests.test_parser" name="test_inline_pdf_options_are_split_into_distinct_answers" time="0.003" /><testcase classname="tests.test_parser" name="test_pdf_parser_keeps_a_bare_year_in_the_middle_of_a_page" time="0.007" /><testcase classname="tests.test_parser" name="test_pdf_parser_rejects_text_document_without_questions" time="0.010" /><testcase classname="tests.test_parser" name="test_pdf_parser_rejects_password_protected_pdf" time="0.049" /><testcase classname="tests.test_parser" name="test_pdf_parser_rejects_pdf_without_pages" time="0.003" /><testcase classname="tests.test_parser" name="test_parse_questionnaire_dispatches_docx_and_pdf" time="0.096" /><testcase classname="tests.test_parser" name="test_parse_questionnaire_rejects_unsupported_file_type" time="0.002" /><testcase classname="tests.test_parser" name="test_parse_questionnaire_rejects_empty_file" time="0.002" /><testcase classname="tests.test_reporting" name="test_exports_are_generated" time="0.845" /></testsuite></testsuites>